<?xml version="1.0" encoding="UTF-8"?>
<testsuite name="TreeTest" tests="1" skipped="0" failures="0" errors="0" timestamp="2023-10-17T05:13:46" hostname="hrundel-HYM-WXX" time="0.023">
  <properties/>
  <testcase name="testRemoveConnectedNode()" classname="TreeTest" time="0.023"/>
  <system-out><![CDATA[]]></system-out>
  <system-err><![CDATA[]]></system-err>
</testsuite>
